f:\lab\reconfig\hgra5\debug\vc142.pdb
f:\lab\reconfig\hgra5\debug\vc142.idb
f:\lab\reconfig\hgra5\debug\protocol.obj
f:\lab\reconfig\hgra5\debug\pe.obj
f:\lab\reconfig\hgra5\debug\node.obj
f:\lab\reconfig\hgra5\debug\lse.obj
f:\lab\reconfig\hgra5\debug\lc.obj
f:\lab\reconfig\hgra5\debug\module.obj
f:\lab\reconfig\hgra5\debug\memorydata.obj
f:\lab\reconfig\hgra5\debug\factory.obj
f:\lab\reconfig\hgra5\debug\buffer.obj
f:\lab\reconfig\hgra5\debug\main.obj
f:\lab\reconfig\hgra5\debug\pr_res_graph_monitor.obj
f:\lab\reconfig\hgra5\debug\pr_res_graph_element.obj
f:\lab\reconfig\hgra5\debug\pr_res_graph.obj
f:\lab\reconfig\hgra5\debug\simulate_anneal.obj
f:\lab\reconfig\hgra5\debug\routing_engine.obj
f:\lab\reconfig\hgra5\debug\preprocess.obj
f:\lab\reconfig\hgra5\debug\bridge.obj
f:\lab\reconfig\hgra5\debug\app_graph.obj
f:\lab\reconfig\hgra5\debug\tinyxml2.obj
f:\lab\reconfig\hgra5\debug\hgrasystem.obj
f:\lab\reconfig\hgra5\debug\mixed_mapping.obj
f:\lab\reconfig\hgra5\debug\sa_engine.obj
f:\lab\reconfig\hgra5\debug\placement_board.obj
f:\lab\reconfig\hgra5\debug\graph_analysis.obj
f:\lab\reconfig\hgra5\debug\hgra5.exe
f:\lab\reconfig\hgra5\debug\hgra5.ilk
f:\lab\reconfig\hgra5\debug\hgra5.pdb
f:\lab\reconfig\hgra5\debug\hgrasystem.new.obj.enc
f:\lab\reconfig\hgra5\debug\hgra5.tlog\cl.command.1.tlog
f:\lab\reconfig\hgra5\debug\hgra5.tlog\cl.read.1.tlog
f:\lab\reconfig\hgra5\debug\hgra5.tlog\cl.write.1.tlog
f:\lab\reconfig\hgra5\debug\hgra5.tlog\link.command.1.tlog
f:\lab\reconfig\hgra5\debug\hgra5.tlog\link.read.1.tlog
f:\lab\reconfig\hgra5\debug\hgra5.tlog\link.write.1.tlog
